<?xml version="1.0" encoding="UTF-8"?>
<testsuite name="com.hero.herolanding.HerolandingApplicationTests" tests="1" skipped="0" failures="0" errors="0" timestamp="2022-12-22T05:37:09" hostname="SY" time="0.223">
  <properties/>
  <testcase name="contextLoads()" classname="com.hero.herolanding.HerolandingApplicationTests" time="0.223"/>
  <system-out><![CDATA[14:37:02.430 [Test worker] DEBUG org.springframework.test.context.BootstrapUtils - Instantiating CacheAwareContextLoaderDelegate from class [org.springframework.test.context.cache.DefaultCacheAwareContextLoaderDelegate]
14:37:02.442 [Test worker] DEBUG org.springframework.test.context.BootstrapUtils - Instantiating BootstrapContext using constructor [public org.springframework.test.context.support.DefaultBootstrapContext(java.lang.Class,org.springframework.test.context.CacheAwareContextLoaderDelegate)]
14:37:02.479 [Test worker] DEBUG org.springframework.test.context.BootstrapUtils - Instantiating TestContextBootstrapper for test class [com.hero.herolanding.HerolandingApplicationTests] from class [org.springframework.boot.test.context.SpringBootTestContextBootstrapper]
14:37:02.491 [Test worker] INFO org.springframework.boot.test.context.SpringBootTestContextBootstrapper - Neither @ContextConfiguration nor @ContextHierarchy found for test class [com.hero.herolanding.HerolandingApplicationTests], using SpringBootContextLoader
14:37:02.496 [Test worker] DEBUG org.springframework.test.context.support.AbstractContextLoader - Did not detect default resource location for test class [com.hero.herolanding.HerolandingApplicationTests]: class path resource [com/hero/herolanding/HerolandingApplicationTests-context.xml] does not exist
14:37:02.496 [Test worker] DEBUG org.springframework.test.context.support.AbstractContextLoader - Did not detect default resource location for test class [com.hero.herolanding.HerolandingApplicationTests]: class path resource [com/hero/herolanding/HerolandingApplicationTestsContext.groovy] does not exist
14:37:02.496 [Test worker] INFO org.springframework.test.context.support.AbstractContextLoader - Could not detect default resource locations for test class [com.hero.herolanding.HerolandingApplicationTests]: no resource found for suffixes {-context.xml, Context.groovy}.
14:37:02.496 [Test worker] INFO org.springframework.test.context.support.AnnotationConfigContextLoaderUtils - Could not detect default configuration classes for test class [com.hero.herolanding.HerolandingApplicationTests]: HerolandingApplicationTests does not declare any static, non-private, non-final, nested classes annotated with @Configuration.
14:37:02.542 [Test worker] DEBUG org.springframework.test.context.support.ActiveProfilesUtils - Could not find an 'annotation declaring class' for annotation type [org.springframework.test.context.ActiveProfiles] and class [com.hero.herolanding.HerolandingApplicationTests]
14:37:02.602 [Test worker] DEBUG org.springframework.context.annotation.ClassPathScanningCandidateComponentProvider - Identified candidate component class: file [D:\0803_gb_ksy\spring\workspace\herolanding\build\classes\java\main\com\hero\herolanding\HerolandingApplication.class]
14:37:02.603 [Test worker] INFO org.springframework.boot.test.context.SpringBootTestContextBootstrapper - Found @SpringBootConfiguration com.hero.herolanding.HerolandingApplication for test class com.hero.herolanding.HerolandingApplicationTests
14:37:02.699 [Test worker] DEBUG org.springframework.boot.test.context.SpringBootTestContextBootstrapper - @TestExecutionListeners is not present for class [com.hero.herolanding.HerolandingApplicationTests]: using defaults.
14:37:02.699 [Test worker] INFO org.springframework.boot.test.context.SpringBootTestContextBootstrapper - Loaded default TestExecutionListener class names from location [META-INF/spring.factories]: [org.springframework.boot.test.autoconfigure.restdocs.RestDocsTestExecutionListener, org.springframework.boot.test.autoconfigure.web.client.MockRestServiceServerResetTestExecutionListener, org.springframework.boot.test.autoconfigure.web.servlet.MockMvcPrintOnlyOnFailureTestExecutionListener, org.springframework.boot.test.autoconfigure.web.servlet.WebDriverTestExecutionListener, org.springframework.boot.test.autoconfigure.webservices.client.MockWebServiceServerTestExecutionListener, org.springframework.boot.test.mock.mockito.MockitoTestExecutionListener, org.springframework.boot.test.mock.mockito.ResetMocksTestExecutionListener, org.springframework.test.context.web.ServletTestExecutionListener, org.springframework.test.context.support.DirtiesContextBeforeModesTestExecutionListener, org.springframework.test.context.event.ApplicationEventsTestExecutionListener, org.springframework.test.context.support.DependencyInjectionTestExecutionListener, org.springframework.test.context.support.DirtiesContextTestExecutionListener, org.springframework.test.context.transaction.TransactionalTestExecutionListener, org.springframework.test.context.jdbc.SqlScriptsTestExecutionListener, org.springframework.test.context.event.EventPublishingTestExecutionListener]
14:37:02.730 [Test worker] INFO org.springframework.boot.test.context.SpringBootTestContextBootstrapper - Using TestExecutionListeners: [org.springframework.test.context.web.ServletTestExecutionListener@64b31700, org.springframework.test.context.support.DirtiesContextBeforeModesTestExecutionListener@3b65e559, org.springframework.test.context.event.ApplicationEventsTestExecutionListener@bae47a0, org.springframework.boot.test.mock.mockito.MockitoTestExecutionListener@74a9c4b0, org.springframework.boot.test.autoconfigure.SpringBootDependencyInjectionTestExecutionListener@85ec632, org.springframework.test.context.support.DirtiesContextTestExecutionListener@1c05a54d, org.springframework.test.context.transaction.TransactionalTestExecutionListener@65ef722a, org.springframework.test.context.jdbc.SqlScriptsTestExecutionListener@5fd9b663, org.springframework.test.context.event.EventPublishingTestExecutionListener@214894fc, org.springframework.boot.test.autoconfigure.restdocs.RestDocsTestExecutionListener@10567255, org.springframework.boot.test.autoconfigure.web.client.MockRestServiceServerResetTestExecutionListener@e362c57, org.springframework.boot.test.autoconfigure.web.servlet.MockMvcPrintOnlyOnFailureTestExecutionListener@1c4ee95c, org.springframework.boot.test.autoconfigure.web.servlet.WebDriverTestExecutionListener@79c4715d, org.springframework.boot.test.autoconfigure.webservices.client.MockWebServiceServerTestExecutionListener@5aa360ea, org.springframework.boot.test.mock.mockito.ResetMocksTestExecutionListener@6548bb7d]
14:37:02.734 [Test worker] DEBUG org.springframework.test.context.support.AbstractDirtiesContextTestExecutionListener - Before test class: context [DefaultTestContext@17ae98d7 testClass = HerolandingApplicationTests, testInstance = [null], testMethod = [null], testException = [null], mergedContextConfiguration = [WebMergedContextConfiguration@59221b97 testClass = HerolandingApplicationTests, locations = '{}', classes = '{class com.hero.herolanding.HerolandingApplication}', contextInitializerClasses = '[]', activeProfiles = '{}', propertySourceLocations = '{}', propertySourceProperties = '{org.springframework.boot.test.context.SpringBootTestContextBootstrapper=true}', contextCustomizers = set[org.springframework.boot.test.autoconfigure.actuate.metrics.MetricsExportContextCustomizerFactory$DisableMetricExportContextCustomizer@388ba540, org.springframework.boot.test.autoconfigure.properties.PropertyMappingContextCustomizer@0, org.springframework.boot.test.autoconfigure.web.servlet.WebDriverContextCustomizerFactory$Customizer@4f2c9ba6, org.springframework.boot.test.context.filter.ExcludeFilterContextCustomizer@4c37b5b, org.springframework.boot.test.json.DuplicateJsonObjectContextCustomizerFactory$DuplicateJsonObjectContextCustomizer@3c435123, org.springframework.boot.test.mock.mockito.MockitoContextCustomizer@0, org.springframework.boot.test.web.client.TestRestTemplateContextCustomizer@2453f95d, org.springframework.boot.test.context.SpringBootTestArgs@1, org.springframework.boot.test.context.SpringBootTestWebEnvironment@6c61a903], resourceBasePath = 'src/main/webapp', contextLoader = 'org.springframework.boot.test.context.SpringBootContextLoader', parent = [null]], attributes = map['org.springframework.test.context.web.ServletTestExecutionListener.activateListener' -> true]], class annotated with @DirtiesContext [false] with mode [null].

  .   ____          _            __ _ _
 /\\ / ___'_ __ _ _(_)_ __  __ _ \ \ \ \
( ( )\___ | '_ | '_| | '_ \/ _` | \ \ \ \
 \\/  ___)| |_)| | | | | || (_| |  ) ) ) )
  '  |____| .__|_| |_|_| |_\__, | / / / /
 =========|_|==============|___/=/_/_/_/
 :: Spring Boot ::                (v2.7.6)

2022-12-22 14:37:03.195  INFO 19808 --- [    Test worker] c.h.h.HerolandingApplicationTests        : Starting HerolandingApplicationTests using Java 11.0.16 on SY with PID 19808 (started by SY in D:\0803_gb_ksy\spring\workspace\herolanding)
2022-12-22 14:37:03.197  INFO 19808 --- [    Test worker] c.h.h.HerolandingApplicationTests        : No active profile set, falling back to 1 default profile: "default"
2022-12-22 14:37:03.935  INFO 19808 --- [    Test worker] .s.d.r.c.RepositoryConfigurationDelegate : Bootstrapping Spring Data JPA repositories in DEFAULT mode.
2022-12-22 14:37:03.959  INFO 19808 --- [    Test worker] .s.d.r.c.RepositoryConfigurationDelegate : Finished Spring Data repository scanning in 13 ms. Found 0 JPA repository interfaces.
2022-12-22 14:37:04.672  INFO 19808 --- [    Test worker] o.hibernate.jpa.internal.util.LogHelper  : HHH000204: Processing PersistenceUnitInfo [name: default]
2022-12-22 14:37:04.724  INFO 19808 --- [    Test worker] org.hibernate.Version                    : HHH000412: Hibernate ORM core version 5.6.14.Final
2022-12-22 14:37:04.885  INFO 19808 --- [    Test worker] o.hibernate.annotations.common.Version   : HCANN000001: Hibernate Commons Annotations {5.1.2.Final}
2022-12-22 14:37:04.912 DEBUG 19808 --- [    Test worker] org.hibernate.type.BasicTypeRegistry     : Adding type registration boolean -> org.hibernate.type.BooleanType@6121a7dd
2022-12-22 14:37:04.912 DEBUG 19808 --- [    Test worker] org.hibernate.type.BasicTypeRegistry     : Adding type registration boolean -> org.hibernate.type.BooleanType@6121a7dd
2022-12-22 14:37:04.913 DEBUG 19808 --- [    Test worker] org.hibernate.type.BasicTypeRegistry     : Adding type registration java.lang.Boolean -> org.hibernate.type.BooleanType@6121a7dd
2022-12-22 14:37:04.913 DEBUG 19808 --- [    Test worker] org.hibernate.type.BasicTypeRegistry     : Adding type registration numeric_boolean -> org.hibernate.type.NumericBooleanType@44ccd75c
2022-12-22 14:37:04.914 DEBUG 19808 --- [    Test worker] org.hibernate.type.BasicTypeRegistry     : Adding type registration true_false -> org.hibernate.type.TrueFalseType@743bb39a
2022-12-22 14:37:04.914 DEBUG 19808 --- [    Test worker] org.hibernate.type.BasicTypeRegistry     : Adding type registration yes_no -> org.hibernate.type.YesNoType@3f357c9d
2022-12-22 14:37:04.915 DEBUG 19808 --- [    Test worker] org.hibernate.type.BasicTypeRegistry     : Adding type registration byte -> org.hibernate.type.ByteType@99c4993
2022-12-22 14:37:04.915 DEBUG 19808 --- [    Test worker] org.hibernate.type.BasicTypeRegistry     : Adding type registration byte -> org.hibernate.type.ByteType@99c4993
2022-12-22 14:37:04.916 DEBUG 19808 --- [    Test worker] org.hibernate.type.BasicTypeRegistry     : Adding type registration java.lang.Byte -> org.hibernate.type.ByteType@99c4993
2022-12-22 14:37:04.916 DEBUG 19808 --- [    Test worker] org.hibernate.type.BasicTypeRegistry     : Adding type registration character -> org.hibernate.type.CharacterType@632241f5
2022-12-22 14:37:04.917 DEBUG 19808 --- [    Test worker] org.hibernate.type.BasicTypeRegistry     : Adding type registration char -> org.hibernate.type.CharacterType@632241f5
2022-12-22 14:37:04.917 DEBUG 19808 --- [    Test worker] org.hibernate.type.BasicTypeRegistry     : Adding type registration java.lang.Character -> org.hibernate.type.CharacterType@632241f5
2022-12-22 14:37:04.918 DEBUG 19808 --- [    Test worker] org.hibernate.type.BasicTypeRegistry     : Adding type registration short -> org.hibernate.type.ShortType@305552d6
2022-12-22 14:37:04.918 DEBUG 19808 --- [    Test worker] org.hibernate.type.BasicTypeRegistry     : Adding type registration short -> org.hibernate.type.ShortType@305552d6
2022-12-22 14:37:04.919 DEBUG 19808 --- [    Test worker] org.hibernate.type.BasicTypeRegistry     : Adding type registration java.lang.Short -> org.hibernate.type.ShortType@305552d6
2022-12-22 14:37:04.920 DEBUG 19808 --- [    Test worker] org.hibernate.type.BasicTypeRegistry     : Adding type registration integer -> org.hibernate.type.IntegerType@6f8667bb
2022-12-22 14:37:04.920 DEBUG 19808 --- [    Test worker] org.hibernate.type.BasicTypeRegistry     : Adding type registration int -> org.hibernate.type.IntegerType@6f8667bb
2022-12-22 14:37:04.920 DEBUG 19808 --- [    Test worker] org.hibernate.type.BasicTypeRegistry     : Adding type registration java.lang.Integer -> org.hibernate.type.IntegerType@6f8667bb
2022-12-22 14:37:04.921 DEBUG 19808 --- [    Test worker] org.hibernate.type.BasicTypeRegistry     : Adding type registration long -> org.hibernate.type.LongType@643f6179
2022-12-22 14:37:04.921 DEBUG 19808 --- [    Test worker] org.hibernate.type.BasicTypeRegistry     : Adding type registration long -> org.hibernate.type.LongType@643f6179
2022-12-22 14:37:04.921 DEBUG 19808 --- [    Test worker] org.hibernate.type.BasicTypeRegistry     : Adding type registration java.lang.Long -> org.hibernate.type.LongType@643f6179
2022-12-22 14:37:04.922 DEBUG 19808 --- [    Test worker] org.hibernate.type.BasicTypeRegistry     : Adding type registration float -> org.hibernate.type.FloatType@5d767218
2022-12-22 14:37:04.922 DEBUG 19808 --- [    Test worker] org.hibernate.type.BasicTypeRegistry     : Adding type registration float -> org.hibernate.type.FloatType@5d767218
2022-12-22 14:37:04.923 DEBUG 19808 --- [    Test worker] org.hibernate.type.BasicTypeRegistry     : Adding type registration java.lang.Float -> org.hibernate.type.FloatType@5d767218
2022-12-22 14:37:04.924 DEBUG 19808 --- [    Test worker] org.hibernate.type.BasicTypeRegistry     : Adding type registration double -> org.hibernate.type.DoubleType@4c2c44e8
2022-12-22 14:37:04.924 DEBUG 19808 --- [    Test worker] org.hibernate.type.BasicTypeRegistry     : Adding type registration double -> org.hibernate.type.DoubleType@4c2c44e8
2022-12-22 14:37:04.924 DEBUG 19808 --- [    Test worker] org.hibernate.type.BasicTypeRegistry     : Adding type registration java.lang.Double -> org.hibernate.type.DoubleType@4c2c44e8
2022-12-22 14:37:04.925 DEBUG 19808 --- [    Test worker] org.hibernate.type.BasicTypeRegistry     : Adding type registration big_decimal -> org.hibernate.type.BigDecimalType@2a0963be
2022-12-22 14:37:04.925 DEBUG 19808 --- [    Test worker] org.hibernate.type.BasicTypeRegistry     : Adding type registration java.math.BigDecimal -> org.hibernate.type.BigDecimalType@2a0963be
2022-12-22 14:37:04.926 DEBUG 19808 --- [    Test worker] org.hibernate.type.BasicTypeRegistry     : Adding type registration big_integer -> org.hibernate.type.BigIntegerType@6fef75c6
2022-12-22 14:37:04.927 DEBUG 19808 --- [    Test worker] org.hibernate.type.BasicTypeRegistry     : Adding type registration java.math.BigInteger -> org.hibernate.type.BigIntegerType@6fef75c6
2022-12-22 14:37:04.928 DEBUG 19808 --- [    Test worker] org.hibernate.type.BasicTypeRegistry     : Adding type registration string -> org.hibernate.type.StringType@6164e137
2022-12-22 14:37:04.928 DEBUG 19808 --- [    Test worker] org.hibernate.type.BasicTypeRegistry     : Adding type registration java.lang.String -> org.hibernate.type.StringType@6164e137
2022-12-22 14:37:04.928 DEBUG 19808 --- [    Test worker] org.hibernate.type.BasicTypeRegistry     : Adding type registration nstring -> org.hibernate.type.StringNVarcharType@6987a133
2022-12-22 14:37:04.929 DEBUG 19808 --- [    Test worker] org.hibernate.type.BasicTypeRegistry     : Adding type registration ncharacter -> org.hibernate.type.CharacterNCharType@1eab8437
2022-12-22 14:37:04.930 DEBUG 19808 --- [    Test worker] org.hibernate.type.BasicTypeRegistry     : Adding type registration url -> org.hibernate.type.UrlType@2353354a
2022-12-22 14:37:04.930 DEBUG 19808 --- [    Test worker] org.hibernate.type.BasicTypeRegistry     : Adding type registration java.net.URL -> org.hibernate.type.UrlType@2353354a
2022-12-22 14:37:04.930 DEBUG 19808 --- [    Test worker] org.hibernate.type.BasicTypeRegistry     : Adding type registration Duration -> org.hibernate.type.DurationType@c758a2d
2022-12-22 14:37:04.931 DEBUG 19808 --- [    Test worker] org.hibernate.type.BasicTypeRegistry     : Adding type registration java.time.Duration -> org.hibernate.type.DurationType@c758a2d
2022-12-22 14:37:04.946 DEBUG 19808 --- [    Test worker] org.hibernate.type.BasicTypeRegistry     : Adding type registration Instant -> org.hibernate.type.InstantType@30ec211a
2022-12-22 14:37:04.946 DEBUG 19808 --- [    Test worker] org.hibernate.type.BasicTypeRegistry     : Adding type registration java.time.Instant -> org.hibernate.type.InstantType@30ec211a
2022-12-22 14:37:04.947 DEBUG 19808 --- [    Test worker] org.hibernate.type.BasicTypeRegistry     : Adding type registration LocalDateTime -> org.hibernate.type.LocalDateTimeType@4d4df0f4
2022-12-22 14:37:04.948 DEBUG 19808 --- [    Test worker] org.hibernate.type.BasicTypeRegistry     : Adding type registration java.time.LocalDateTime -> org.hibernate.type.LocalDateTimeType@4d4df0f4
2022-12-22 14:37:04.950 DEBUG 19808 --- [    Test worker] org.hibernate.type.BasicTypeRegistry     : Adding type registration LocalDate -> org.hibernate.type.LocalDateType@446c8c72
2022-12-22 14:37:04.950 DEBUG 19808 --- [    Test worker] org.hibernate.type.BasicTypeRegistry     : Adding type registration java.time.LocalDate -> org.hibernate.type.LocalDateType@446c8c72
2022-12-22 14:37:04.952 DEBUG 19808 --- [    Test worker] org.hibernate.type.BasicTypeRegistry     : Adding type registration LocalTime -> org.hibernate.type.LocalTimeType@1187dc82
2022-12-22 14:37:04.952 DEBUG 19808 --- [    Test worker] org.hibernate.type.BasicTypeRegistry     : Adding type registration java.time.LocalTime -> org.hibernate.type.LocalTimeType@1187dc82
2022-12-22 14:37:04.953 DEBUG 19808 --- [    Test worker] org.hibernate.type.BasicTypeRegistry     : Adding type registration OffsetDateTime -> org.hibernate.type.OffsetDateTimeType@18026052
2022-12-22 14:37:04.953 DEBUG 19808 --- [    Test worker] org.hibernate.type.BasicTypeRegistry     : Adding type registration java.time.OffsetDateTime -> org.hibernate.type.OffsetDateTimeType@18026052
2022-12-22 14:37:04.954 DEBUG 19808 --- [    Test worker] org.hibernate.type.BasicTypeRegistry     : Adding type registration OffsetTime -> org.hibernate.type.OffsetTimeType@aca2fc3
2022-12-22 14:37:04.955 DEBUG 19808 --- [    Test worker] org.hibernate.type.BasicTypeRegistry     : Adding type registration java.time.OffsetTime -> org.hibernate.type.OffsetTimeType@aca2fc3
2022-12-22 14:37:04.956 DEBUG 19808 --- [    Test worker] org.hibernate.type.BasicTypeRegistry     : Adding type registration ZonedDateTime -> org.hibernate.type.ZonedDateTimeType@62b0bf85
2022-12-22 14:37:04.956 DEBUG 19808 --- [    Test worker] org.hibernate.type.BasicTypeRegistry     : Adding type registration java.time.ZonedDateTime -> org.hibernate.type.ZonedDateTimeType@62b0bf85
2022-12-22 14:37:04.958 DEBUG 19808 --- [    Test worker] org.hibernate.type.BasicTypeRegistry     : Adding type registration date -> org.hibernate.type.DateType@3a861417
2022-12-22 14:37:04.959 DEBUG 19808 --- [    Test worker] org.hibernate.type.BasicTypeRegistry     : Adding type registration java.sql.Date -> org.hibernate.type.DateType@3a861417
2022-12-22 14:37:04.960 DEBUG 19808 --- [    Test worker] org.hibernate.type.BasicTypeRegistry     : Adding type registration time -> org.hibernate.type.TimeType@1f172892
2022-12-22 14:37:04.960 DEBUG 19808 --- [    Test worker] org.hibernate.type.BasicTypeRegistry     : Adding type registration java.sql.Time -> org.hibernate.type.TimeType@1f172892
2022-12-22 14:37:04.961 DEBUG 19808 --- [    Test worker] org.hibernate.type.BasicTypeRegistry     : Adding type registration timestamp -> org.hibernate.type.TimestampType@2262f0d8
2022-12-22 14:37:04.961 DEBUG 19808 --- [    Test worker] org.hibernate.type.BasicTypeRegistry     : Adding type registration java.sql.Timestamp -> org.hibernate.type.TimestampType@2262f0d8
2022-12-22 14:37:04.961 DEBUG 19808 --- [    Test worker] org.hibernate.type.BasicTypeRegistry     : Adding type registration java.util.Date -> org.hibernate.type.TimestampType@2262f0d8
2022-12-22 14:37:04.963 DEBUG 19808 --- [    Test worker] org.hibernate.type.BasicTypeRegistry     : Adding type registration dbtimestamp -> org.hibernate.type.DbTimestampType@44d43cc9
2022-12-22 14:37:04.964 DEBUG 19808 --- [    Test worker] org.hibernate.type.BasicTypeRegistry     : Adding type registration calendar -> org.hibernate.type.CalendarType@9e33a6a
2022-12-22 14:37:04.965 DEBUG 19808 --- [    Test worker] org.hibernate.type.BasicTypeRegistry     : Adding type registration java.util.Calendar -> org.hibernate.type.CalendarType@9e33a6a
2022-12-22 14:37:04.965 DEBUG 19808 --- [    Test worker] org.hibernate.type.BasicTypeRegistry     : Adding type registration java.util.GregorianCalendar -> org.hibernate.type.CalendarType@9e33a6a
2022-12-22 14:37:04.965 DEBUG 19808 --- [    Test worker] org.hibernate.type.BasicTypeRegistry     : Adding type registration calendar_date -> org.hibernate.type.CalendarDateType@a3b858f
2022-12-22 14:37:04.966 DEBUG 19808 --- [    Test worker] org.hibernate.type.BasicTypeRegistry     : Adding type registration calendar_time -> org.hibernate.type.CalendarTimeType@2347b7af
2022-12-22 14:37:04.967 DEBUG 19808 --- [    Test worker] org.hibernate.type.BasicTypeRegistry     : Adding type registration locale -> org.hibernate.type.LocaleType@66f2ec1c
2022-12-22 14:37:04.967 DEBUG 19808 --- [    Test worker] org.hibernate.type.BasicTypeRegistry     : Adding type registration java.util.Locale -> org.hibernate.type.LocaleType@66f2ec1c
2022-12-22 14:37:04.968 DEBUG 19808 --- [    Test worker] org.hibernate.type.BasicTypeRegistry     : Adding type registration currency -> org.hibernate.type.CurrencyType@2026fbff
2022-12-22 14:37:04.968 DEBUG 19808 --- [    Test worker] org.hibernate.type.BasicTypeRegistry     : Adding type registration java.util.Currency -> org.hibernate.type.CurrencyType@2026fbff
2022-12-22 14:37:04.969 DEBUG 19808 --- [    Test worker] org.hibernate.type.BasicTypeRegistry     : Adding type registration timezone -> org.hibernate.type.TimeZoneType@38bc5ac0
2022-12-22 14:37:04.969 DEBUG 19808 --- [    Test worker] org.hibernate.type.BasicTypeRegistry     : Adding type registration java.util.TimeZone -> org.hibernate.type.TimeZoneType@38bc5ac0
2022-12-22 14:37:04.970 DEBUG 19808 --- [    Test worker] org.hibernate.type.BasicTypeRegistry     : Adding type registration class -> org.hibernate.type.ClassType@2154652c
2022-12-22 14:37:04.970 DEBUG 19808 --- [    Test worker] org.hibernate.type.BasicTypeRegistry     : Adding type registration java.lang.Class -> org.hibernate.type.ClassType@2154652c
2022-12-22 14:37:04.971 DEBUG 19808 --- [    Test worker] org.hibernate.type.BasicTypeRegistry     : Adding type registration uuid-binary -> org.hibernate.type.UUIDBinaryType@7cc1f72c
2022-12-22 14:37:04.971 DEBUG 19808 --- [    Test worker] org.hibernate.type.BasicTypeRegistry     : Adding type registration java.util.UUID -> org.hibernate.type.UUIDBinaryType@7cc1f72c
2022-12-22 14:37:04.972 DEBUG 19808 --- [    Test worker] org.hibernate.type.BasicTypeRegistry     : Adding type registration uuid-char -> org.hibernate.type.UUIDCharType@4586a8aa
2022-12-22 14:37:04.973 DEBUG 19808 --- [    Test worker] org.hibernate.type.BasicTypeRegistry     : Adding type registration binary -> org.hibernate.type.BinaryType@85ab964
2022-12-22 14:37:04.974 DEBUG 19808 --- [    Test worker] org.hibernate.type.BasicTypeRegistry     : Adding type registration byte[] -> org.hibernate.type.BinaryType@85ab964
2022-12-22 14:37:04.974 DEBUG 19808 --- [    Test worker] org.hibernate.type.BasicTypeRegistry     : Adding type registration [B -> org.hibernate.type.BinaryType@85ab964
2022-12-22 14:37:04.975 DEBUG 19808 --- [    Test worker] org.hibernate.type.BasicTypeRegistry     : Adding type registration wrapper-binary -> org.hibernate.type.WrapperBinaryType@2d74cbbd
2022-12-22 14:37:04.975 DEBUG 19808 --- [    Test worker] org.hibernate.type.BasicTypeRegistry     : Adding type registration Byte[] -> org.hibernate.type.WrapperBinaryType@2d74cbbd
2022-12-22 14:37:04.975 DEBUG 19808 --- [    Test worker] org.hibernate.type.BasicTypeRegistry     : Adding type registration [Ljava.lang.Byte; -> org.hibernate.type.WrapperBinaryType@2d74cbbd
2022-12-22 14:37:04.976 DEBUG 19808 --- [    Test worker] org.hibernate.type.BasicTypeRegistry     : Adding type registration row_version -> org.hibernate.type.RowVersionType@7e58f697
2022-12-22 14:37:04.976 DEBUG 19808 --- [    Test worker] org.hibernate.type.BasicTypeRegistry     : Adding type registration image -> org.hibernate.type.ImageType@7bec8cb0
2022-12-22 14:37:04.977 DEBUG 19808 --- [    Test worker] org.hibernate.type.BasicTypeRegistry     : Adding type registration characters -> org.hibernate.type.CharArrayType@1805383
2022-12-22 14:37:04.977 DEBUG 19808 --- [    Test worker] org.hibernate.type.BasicTypeRegistry     : Adding type registration char[] -> org.hibernate.type.CharArrayType@1805383
2022-12-22 14:37:04.978 DEBUG 19808 --- [    Test worker] org.hibernate.type.BasicTypeRegistry     : Adding type registration [C -> org.hibernate.type.CharArrayType@1805383
2022-12-22 14:37:04.978 DEBUG 19808 --- [    Test worker] org.hibernate.type.BasicTypeRegistry     : Adding type registration wrapper-characters -> org.hibernate.type.CharacterArrayType@7e848aea
2022-12-22 14:37:04.979 DEBUG 19808 --- [    Test worker] org.hibernate.type.BasicTypeRegistry     : Adding type registration [Ljava.lang.Character; -> org.hibernate.type.CharacterArrayType@7e848aea
2022-12-22 14:37:04.979 DEBUG 19808 --- [    Test worker] org.hibernate.type.BasicTypeRegistry     : Adding type registration Character[] -> org.hibernate.type.CharacterArrayType@7e848aea
2022-12-22 14:37:04.979 DEBUG 19808 --- [    Test worker] org.hibernate.type.BasicTypeRegistry     : Adding type registration text -> org.hibernate.type.TextType@56ec6960
2022-12-22 14:37:04.980 DEBUG 19808 --- [    Test worker] org.hibernate.type.BasicTypeRegistry     : Adding type registration ntext -> org.hibernate.type.NTextType@667797f
2022-12-22 14:37:04.982 DEBUG 19808 --- [    Test worker] org.hibernate.type.BasicTypeRegistry     : Adding type registration blob -> org.hibernate.type.BlobType@35dcd032
2022-12-22 14:37:04.982 DEBUG 19808 --- [    Test worker] org.hibernate.type.BasicTypeRegistry     : Adding type registration java.sql.Blob -> org.hibernate.type.BlobType@35dcd032
2022-12-22 14:37:04.982 DEBUG 19808 --- [    Test worker] org.hibernate.type.BasicTypeRegistry     : Adding type registration materialized_blob -> org.hibernate.type.MaterializedBlobType@17b6ad97
2022-12-22 14:37:04.983 DEBUG 19808 --- [    Test worker] org.hibernate.type.BasicTypeRegistry     : Adding type registration clob -> org.hibernate.type.ClobType@4fd7b79
2022-12-22 14:37:04.984 DEBUG 19808 --- [    Test worker] org.hibernate.type.BasicTypeRegistry     : Adding type registration java.sql.Clob -> org.hibernate.type.ClobType@4fd7b79
2022-12-22 14:37:04.985 DEBUG 19808 --- [    Test worker] org.hibernate.type.BasicTypeRegistry     : Adding type registration nclob -> org.hibernate.type.NClobType@3686389
2022-12-22 14:37:04.986 DEBUG 19808 --- [    Test worker] org.hibernate.type.BasicTypeRegistry     : Adding type registration java.sql.NClob -> org.hibernate.type.NClobType@3686389
2022-12-22 14:37:04.987 DEBUG 19808 --- [    Test worker] org.hibernate.type.BasicTypeRegistry     : Adding type registration materialized_clob -> org.hibernate.type.MaterializedClobType@775f15fd
2022-12-22 14:37:04.987 DEBUG 19808 --- [    Test worker] org.hibernate.type.BasicTypeRegistry     : Adding type registration materialized_nclob -> org.hibernate.type.MaterializedNClobType@77ce88c4
2022-12-22 14:37:04.988 DEBUG 19808 --- [    Test worker] org.hibernate.type.BasicTypeRegistry     : Adding type registration serializable -> org.hibernate.type.SerializableType@2cd3fc29
2022-12-22 14:37:04.991 DEBUG 19808 --- [    Test worker] org.hibernate.type.BasicTypeRegistry     : Adding type registration object -> org.hibernate.type.ObjectType@7b44bfb8
2022-12-22 14:37:04.992 DEBUG 19808 --- [    Test worker] org.hibernate.type.BasicTypeRegistry     : Adding type registration java.lang.Object -> org.hibernate.type.ObjectType@7b44bfb8
2022-12-22 14:37:04.992 DEBUG 19808 --- [    Test worker] org.hibernate.type.BasicTypeRegistry     : Adding type registration imm_date -> org.hibernate.type.AdaptedImmutableType@141aba65
2022-12-22 14:37:04.993 DEBUG 19808 --- [    Test worker] org.hibernate.type.BasicTypeRegistry     : Adding type registration imm_time -> org.hibernate.type.AdaptedImmutableType@3356ff58
2022-12-22 14:37:04.993 DEBUG 19808 --- [    Test worker] org.hibernate.type.BasicTypeRegistry     : Adding type registration imm_timestamp -> org.hibernate.type.AdaptedImmutableType@b55f5b7
2022-12-22 14:37:04.993 DEBUG 19808 --- [    Test worker] org.hibernate.type.BasicTypeRegistry     : Adding type registration imm_dbtimestamp -> org.hibernate.type.AdaptedImmutableType@2aa6bbad
2022-12-22 14:37:04.994 DEBUG 19808 --- [    Test worker] org.hibernate.type.BasicTypeRegistry     : Adding type registration imm_calendar -> org.hibernate.type.AdaptedImmutableType@6b2ef50e
2022-12-22 14:37:04.994 DEBUG 19808 --- [    Test worker] org.hibernate.type.BasicTypeRegistry     : Adding type registration imm_calendar_date -> org.hibernate.type.AdaptedImmutableType@6f867b0c
2022-12-22 14:37:04.994 DEBUG 19808 --- [    Test worker] org.hibernate.type.BasicTypeRegistry     : Adding type registration imm_binary -> org.hibernate.type.AdaptedImmutableType@4b5ad306
2022-12-22 14:37:04.994 DEBUG 19808 --- [    Test worker] org.hibernate.type.BasicTypeRegistry     : Adding type registration imm_serializable -> org.hibernate.type.AdaptedImmutableType@54be6213
2022-12-22 14:37:05.043  INFO 19808 --- [    Test worker] com.zaxxer.hikari.HikariDataSource       : HikariPool-1 - Starting...
2022-12-22 14:37:06.046  INFO 19808 --- [    Test worker] com.zaxxer.hikari.HikariDataSource       : HikariPool-1 - Start completed.
2022-12-22 14:37:06.077  INFO 19808 --- [    Test worker] org.hibernate.dialect.Dialect            : HHH000400: Using dialect: org.hibernate.dialect.Oracle12cDialect
2022-12-22 14:37:06.256 DEBUG 19808 --- [    Test worker] org.hibernate.type.BasicTypeRegistry     : Adding type registration byte[] -> org.hibernate.type.MaterializedBlobType@17b6ad97
2022-12-22 14:37:06.256 DEBUG 19808 --- [    Test worker] org.hibernate.type.BasicTypeRegistry     : HHH000270: Type registration [byte[]] overrides previous : org.hibernate.type.BinaryType@85ab964
2022-12-22 14:37:06.256 DEBUG 19808 --- [    Test worker] org.hibernate.type.BasicTypeRegistry     : Adding type registration [B -> org.hibernate.type.MaterializedBlobType@17b6ad97
2022-12-22 14:37:06.257 DEBUG 19808 --- [    Test worker] org.hibernate.type.BasicTypeRegistry     : HHH000270: Type registration [[B] overrides previous : org.hibernate.type.BinaryType@85ab964
2022-12-22 14:37:06.258 DEBUG 19808 --- [    Test worker] org.hibernate.type.BasicTypeRegistry     : Adding type registration Byte[] -> org.hibernate.type.WrappedMaterializedBlobType@7e9a836
2022-12-22 14:37:06.258 DEBUG 19808 --- [    Test worker] org.hibernate.type.BasicTypeRegistry     : HHH000270: Type registration [Byte[]] overrides previous : org.hibernate.type.WrapperBinaryType@2d74cbbd
2022-12-22 14:37:06.258 DEBUG 19808 --- [    Test worker] org.hibernate.type.BasicTypeRegistry     : Adding type registration [Ljava.lang.Byte; -> org.hibernate.type.WrappedMaterializedBlobType@7e9a836
2022-12-22 14:37:06.260 DEBUG 19808 --- [    Test worker] org.hibernate.type.BasicTypeRegistry     : HHH000270: Type registration [[Ljava.lang.Byte;] overrides previous : org.hibernate.type.WrapperBinaryType@2d74cbbd
2022-12-22 14:37:06.264 DEBUG 19808 --- [    Test worker] o.h.type.spi.TypeConfiguration$Scope     : Scoping TypeConfiguration [org.hibernate.type.spi.TypeConfiguration@7323c38c] to MetadataBuildingContext [org.hibernate.boot.internal.MetadataBuildingContextRootImpl@2c02a007]
2022-12-22 14:37:06.619 DEBUG 19808 --- [    Test worker] org.hibernate.type.EnumType              : Using NAMED-based conversion for Enum com.hero.herolanding.domain.EntranceLevel
2022-12-22 14:37:06.620 DEBUG 19808 --- [    Test worker] org.hibernate.type.EnumType              : Using NAMED-based conversion for Enum com.hero.herolanding.domain.Continent
2022-12-22 14:37:06.621 DEBUG 19808 --- [    Test worker] org.hibernate.type.EnumType              : Using NAMED-based conversion for Enum com.hero.herolanding.domain.BoardType
2022-12-22 14:37:06.621 DEBUG 19808 --- [    Test worker] org.hibernate.type.EnumType              : Using NAMED-based conversion for Enum com.hero.herolanding.domain.Continent
2022-12-22 14:37:06.623 DEBUG 19808 --- [    Test worker] o.h.type.spi.TypeConfiguration$Scope     : Scoping TypeConfiguration [org.hibernate.type.spi.TypeConfiguration@7323c38c] to SessionFactoryImpl [org.hibernate.internal.SessionFactoryImpl@18f27a81]
2022-12-22 14:37:07.268  INFO 19808 --- [    Test worker] o.h.e.t.j.p.i.JtaPlatformInitiator       : HHH000490: Using JtaPlatform implementation: [org.hibernate.engine.transaction.jta.platform.internal.NoJtaPlatform]
2022-12-22 14:37:07.276 TRACE 19808 --- [    Test worker] o.h.type.spi.TypeConfiguration$Scope     : Handling #sessionFactoryCreated from [org.hibernate.internal.SessionFactoryImpl@18f27a81] for TypeConfiguration
2022-12-22 14:37:07.278  INFO 19808 --- [    Test worker] j.LocalContainerEntityManagerFactoryBean : Initialized JPA EntityManagerFactory for persistence unit 'default'
2022-12-22 14:37:07.933  WARN 19808 --- [    Test worker] JpaBaseConfiguration$JpaWebConfiguration : spring.jpa.open-in-view is enabled by default. Therefore, database queries may be performed during view rendering. Explicitly configure spring.jpa.open-in-view to disable this warning
2022-12-22 14:37:08.466  INFO 19808 --- [    Test worker] o.s.b.a.w.s.WelcomePageHandlerMapping    : Adding welcome page template: index
2022-12-22 14:37:09.074  INFO 19808 --- [    Test worker] c.h.h.HerolandingApplicationTests        : Started HerolandingApplicationTests in 6.298 seconds (JVM running for 8.524)
]]></system-out>
  <system-err><![CDATA[]]></system-err>
</testsuite>
