<?xml version="1.0" encoding="UTF-8"?>
<testsuite name="com.hero.herolanding.HerolandingApplicationTests" tests="1" skipped="0" failures="0" errors="0" timestamp="2022-12-25T02:08:00" hostname="DESKTOP-PVHOPTK" time="0.141">
  <properties/>
  <testcase name="contextLoads()" classname="com.hero.herolanding.HerolandingApplicationTests" time="0.141"/>
  <system-out><![CDATA[11:07:54.721 [Test worker] DEBUG org.springframework.test.context.BootstrapUtils - Instantiating CacheAwareContextLoaderDelegate from class [org.springframework.test.context.cache.DefaultCacheAwareContextLoaderDelegate]
11:07:54.742 [Test worker] DEBUG org.springframework.test.context.BootstrapUtils - Instantiating BootstrapContext using constructor [public org.springframework.test.context.support.DefaultBootstrapContext(java.lang.Class,org.springframework.test.context.CacheAwareContextLoaderDelegate)]
11:07:54.783 [Test worker] DEBUG org.springframework.test.context.BootstrapUtils - Instantiating TestContextBootstrapper for test class [com.hero.herolanding.HerolandingApplicationTests] from class [org.springframework.boot.test.context.SpringBootTestContextBootstrapper]
11:07:54.807 [Test worker] INFO org.springframework.boot.test.context.SpringBootTestContextBootstrapper - Neither @ContextConfiguration nor @ContextHierarchy found for test class [com.hero.herolanding.HerolandingApplicationTests], using SpringBootContextLoader
11:07:54.811 [Test worker] DEBUG org.springframework.test.context.support.AbstractContextLoader - Did not detect default resource location for test class [com.hero.herolanding.HerolandingApplicationTests]: class path resource [com/hero/herolanding/HerolandingApplicationTests-context.xml] does not exist
11:07:54.812 [Test worker] DEBUG org.springframework.test.context.support.AbstractContextLoader - Did not detect default resource location for test class [com.hero.herolanding.HerolandingApplicationTests]: class path resource [com/hero/herolanding/HerolandingApplicationTestsContext.groovy] does not exist
11:07:54.812 [Test worker] INFO org.springframework.test.context.support.AbstractContextLoader - Could not detect default resource locations for test class [com.hero.herolanding.HerolandingApplicationTests]: no resource found for suffixes {-context.xml, Context.groovy}.
11:07:54.813 [Test worker] INFO org.springframework.test.context.support.AnnotationConfigContextLoaderUtils - Could not detect default configuration classes for test class [com.hero.herolanding.HerolandingApplicationTests]: HerolandingApplicationTests does not declare any static, non-private, non-final, nested classes annotated with @Configuration.
11:07:54.861 [Test worker] DEBUG org.springframework.test.context.support.ActiveProfilesUtils - Could not find an 'annotation declaring class' for annotation type [org.springframework.test.context.ActiveProfiles] and class [com.hero.herolanding.HerolandingApplicationTests]
11:07:54.919 [Test worker] DEBUG org.springframework.context.annotation.ClassPathScanningCandidateComponentProvider - Identified candidate component class: file [C:\0803_gb_jin\spring\workspace\herolanding\build\classes\java\main\com\hero\herolanding\HerolandingApplication.class]
11:07:54.920 [Test worker] INFO org.springframework.boot.test.context.SpringBootTestContextBootstrapper - Found @SpringBootConfiguration com.hero.herolanding.HerolandingApplication for test class com.hero.herolanding.HerolandingApplicationTests
11:07:55.022 [Test worker] DEBUG org.springframework.boot.test.context.SpringBootTestContextBootstrapper - @TestExecutionListeners is not present for class [com.hero.herolanding.HerolandingApplicationTests]: using defaults.
11:07:55.022 [Test worker] INFO org.springframework.boot.test.context.SpringBootTestContextBootstrapper - Loaded default TestExecutionListener class names from location [META-INF/spring.factories]: [org.springframework.boot.test.autoconfigure.restdocs.RestDocsTestExecutionListener, org.springframework.boot.test.autoconfigure.web.client.MockRestServiceServerResetTestExecutionListener, org.springframework.boot.test.autoconfigure.web.servlet.MockMvcPrintOnlyOnFailureTestExecutionListener, org.springframework.boot.test.autoconfigure.web.servlet.WebDriverTestExecutionListener, org.springframework.boot.test.autoconfigure.webservices.client.MockWebServiceServerTestExecutionListener, org.springframework.boot.test.mock.mockito.MockitoTestExecutionListener, org.springframework.boot.test.mock.mockito.ResetMocksTestExecutionListener, org.springframework.test.context.web.ServletTestExecutionListener, org.springframework.test.context.support.DirtiesContextBeforeModesTestExecutionListener, org.springframework.test.context.event.ApplicationEventsTestExecutionListener, org.springframework.test.context.support.DependencyInjectionTestExecutionListener, org.springframework.test.context.support.DirtiesContextTestExecutionListener, org.springframework.test.context.transaction.TransactionalTestExecutionListener, org.springframework.test.context.jdbc.SqlScriptsTestExecutionListener, org.springframework.test.context.event.EventPublishingTestExecutionListener]
11:07:55.043 [Test worker] INFO org.springframework.boot.test.context.SpringBootTestContextBootstrapper - Using TestExecutionListeners: [org.springframework.test.context.web.ServletTestExecutionListener@65ef722a, org.springframework.test.context.support.DirtiesContextBeforeModesTestExecutionListener@5fd9b663, org.springframework.test.context.event.ApplicationEventsTestExecutionListener@214894fc, org.springframework.boot.test.mock.mockito.MockitoTestExecutionListener@10567255, org.springframework.boot.test.autoconfigure.SpringBootDependencyInjectionTestExecutionListener@e362c57, org.springframework.test.context.support.DirtiesContextTestExecutionListener@1c4ee95c, org.springframework.test.context.transaction.TransactionalTestExecutionListener@79c4715d, org.springframework.test.context.jdbc.SqlScriptsTestExecutionListener@5aa360ea, org.springframework.test.context.event.EventPublishingTestExecutionListener@6548bb7d, org.springframework.boot.test.autoconfigure.restdocs.RestDocsTestExecutionListener@e27ba81, org.springframework.boot.test.autoconfigure.web.client.MockRestServiceServerResetTestExecutionListener@54336c81, org.springframework.boot.test.autoconfigure.web.servlet.MockMvcPrintOnlyOnFailureTestExecutionListener@1556f2dd, org.springframework.boot.test.autoconfigure.web.servlet.WebDriverTestExecutionListener@35e52059, org.springframework.boot.test.autoconfigure.webservices.client.MockWebServiceServerTestExecutionListener@62577d6, org.springframework.boot.test.mock.mockito.ResetMocksTestExecutionListener@49bd54f7]
11:07:55.047 [Test worker] DEBUG org.springframework.test.context.support.AbstractDirtiesContextTestExecutionListener - Before test class: context [DefaultTestContext@3ee39da0 testClass = HerolandingApplicationTests, testInstance = [null], testMethod = [null], testException = [null], mergedContextConfiguration = [WebMergedContextConfiguration@5d332969 testClass = HerolandingApplicationTests, locations = '{}', classes = '{class com.hero.herolanding.HerolandingApplication}', contextInitializerClasses = '[]', activeProfiles = '{}', propertySourceLocations = '{}', propertySourceProperties = '{org.springframework.boot.test.context.SpringBootTestContextBootstrapper=true}', contextCustomizers = set[org.springframework.boot.test.autoconfigure.actuate.metrics.MetricsExportContextCustomizerFactory$DisableMetricExportContextCustomizer@6111ba37, org.springframework.boot.test.autoconfigure.properties.PropertyMappingContextCustomizer@0, org.springframework.boot.test.autoconfigure.web.servlet.WebDriverContextCustomizerFactory$Customizer@73db4768, org.springframework.boot.test.context.filter.ExcludeFilterContextCustomizer@50fe837a, org.springframework.boot.test.json.DuplicateJsonObjectContextCustomizerFactory$DuplicateJsonObjectContextCustomizer@546ccad7, org.springframework.boot.test.mock.mockito.MockitoContextCustomizer@0, org.springframework.boot.test.web.client.TestRestTemplateContextCustomizer@62fe6067, org.springframework.boot.test.context.SpringBootTestArgs@1, org.springframework.boot.test.context.SpringBootTestWebEnvironment@34f6515b], resourceBasePath = 'src/main/webapp', contextLoader = 'org.springframework.boot.test.context.SpringBootContextLoader', parent = [null]], attributes = map['org.springframework.test.context.web.ServletTestExecutionListener.activateListener' -> true]], class annotated with @DirtiesContext [false] with mode [null].

  .   ____          _            __ _ _
 /\\ / ___'_ __ _ _(_)_ __  __ _ \ \ \ \
( ( )\___ | '_ | '_| | '_ \/ _` | \ \ \ \
 \\/  ___)| |_)| | | | | || (_| |  ) ) ) )
  '  |____| .__|_| |_|_| |_\__, | / / / /
 =========|_|==============|___/=/_/_/_/
 :: Spring Boot ::                (v2.7.6)

2022-12-25 11:07:55.436  INFO 8420 --- [    Test worker] c.h.h.HerolandingApplicationTests        : Starting HerolandingApplicationTests using Java 11.0.16 on DESKTOP-PVHOPTK with PID 8420 (started by youngjin in C:\0803_gb_jin\spring\workspace\herolanding)
2022-12-25 11:07:55.437  INFO 8420 --- [    Test worker] c.h.h.HerolandingApplicationTests        : No active profile set, falling back to 1 default profile: "default"
2022-12-25 11:07:56.098  INFO 8420 --- [    Test worker] .s.d.r.c.RepositoryConfigurationDelegate : Bootstrapping Spring Data JPA repositories in DEFAULT mode.
2022-12-25 11:07:56.120  INFO 8420 --- [    Test worker] .s.d.r.c.RepositoryConfigurationDelegate : Finished Spring Data repository scanning in 14 ms. Found 0 JPA repository interfaces.
2022-12-25 11:07:56.809  INFO 8420 --- [    Test worker] o.hibernate.jpa.internal.util.LogHelper  : HHH000204: Processing PersistenceUnitInfo [name: default]
2022-12-25 11:07:56.862  INFO 8420 --- [    Test worker] org.hibernate.Version                    : HHH000412: Hibernate ORM core version 5.6.14.Final
2022-12-25 11:07:57.059  INFO 8420 --- [    Test worker] o.hibernate.annotations.common.Version   : HCANN000001: Hibernate Commons Annotations {5.1.2.Final}
2022-12-25 11:07:57.100 DEBUG 8420 --- [    Test worker] org.hibernate.type.BasicTypeRegistry     : Adding type registration boolean -> org.hibernate.type.BooleanType@b3857e2
2022-12-25 11:07:57.100 DEBUG 8420 --- [    Test worker] org.hibernate.type.BasicTypeRegistry     : Adding type registration boolean -> org.hibernate.type.BooleanType@b3857e2
2022-12-25 11:07:57.100 DEBUG 8420 --- [    Test worker] org.hibernate.type.BasicTypeRegistry     : Adding type registration java.lang.Boolean -> org.hibernate.type.BooleanType@b3857e2
2022-12-25 11:07:57.101 DEBUG 8420 --- [    Test worker] org.hibernate.type.BasicTypeRegistry     : Adding type registration numeric_boolean -> org.hibernate.type.NumericBooleanType@99c4993
2022-12-25 11:07:57.102 DEBUG 8420 --- [    Test worker] org.hibernate.type.BasicTypeRegistry     : Adding type registration true_false -> org.hibernate.type.TrueFalseType@36463b09
2022-12-25 11:07:57.102 DEBUG 8420 --- [    Test worker] org.hibernate.type.BasicTypeRegistry     : Adding type registration yes_no -> org.hibernate.type.YesNoType@64bba0eb
2022-12-25 11:07:57.103 DEBUG 8420 --- [    Test worker] org.hibernate.type.BasicTypeRegistry     : Adding type registration byte -> org.hibernate.type.ByteType@23b71d24
2022-12-25 11:07:57.103 DEBUG 8420 --- [    Test worker] org.hibernate.type.BasicTypeRegistry     : Adding type registration byte -> org.hibernate.type.ByteType@23b71d24
2022-12-25 11:07:57.104 DEBUG 8420 --- [    Test worker] org.hibernate.type.BasicTypeRegistry     : Adding type registration java.lang.Byte -> org.hibernate.type.ByteType@23b71d24
2022-12-25 11:07:57.104 DEBUG 8420 --- [    Test worker] org.hibernate.type.BasicTypeRegistry     : Adding type registration character -> org.hibernate.type.CharacterType@2774dcf4
2022-12-25 11:07:57.104 DEBUG 8420 --- [    Test worker] org.hibernate.type.BasicTypeRegistry     : Adding type registration char -> org.hibernate.type.CharacterType@2774dcf4
2022-12-25 11:07:57.105 DEBUG 8420 --- [    Test worker] org.hibernate.type.BasicTypeRegistry     : Adding type registration java.lang.Character -> org.hibernate.type.CharacterType@2774dcf4
2022-12-25 11:07:57.105 DEBUG 8420 --- [    Test worker] org.hibernate.type.BasicTypeRegistry     : Adding type registration short -> org.hibernate.type.ShortType@328e4ec2
2022-12-25 11:07:57.105 DEBUG 8420 --- [    Test worker] org.hibernate.type.BasicTypeRegistry     : Adding type registration short -> org.hibernate.type.ShortType@328e4ec2
2022-12-25 11:07:57.106 DEBUG 8420 --- [    Test worker] org.hibernate.type.BasicTypeRegistry     : Adding type registration java.lang.Short -> org.hibernate.type.ShortType@328e4ec2
2022-12-25 11:07:57.107 DEBUG 8420 --- [    Test worker] org.hibernate.type.BasicTypeRegistry     : Adding type registration integer -> org.hibernate.type.IntegerType@20a1b3ae
2022-12-25 11:07:57.107 DEBUG 8420 --- [    Test worker] org.hibernate.type.BasicTypeRegistry     : Adding type registration int -> org.hibernate.type.IntegerType@20a1b3ae
2022-12-25 11:07:57.107 DEBUG 8420 --- [    Test worker] org.hibernate.type.BasicTypeRegistry     : Adding type registration java.lang.Integer -> org.hibernate.type.IntegerType@20a1b3ae
2022-12-25 11:07:57.108 DEBUG 8420 --- [    Test worker] org.hibernate.type.BasicTypeRegistry     : Adding type registration long -> org.hibernate.type.LongType@227a933d
2022-12-25 11:07:57.108 DEBUG 8420 --- [    Test worker] org.hibernate.type.BasicTypeRegistry     : Adding type registration long -> org.hibernate.type.LongType@227a933d
2022-12-25 11:07:57.109 DEBUG 8420 --- [    Test worker] org.hibernate.type.BasicTypeRegistry     : Adding type registration java.lang.Long -> org.hibernate.type.LongType@227a933d
2022-12-25 11:07:57.109 DEBUG 8420 --- [    Test worker] org.hibernate.type.BasicTypeRegistry     : Adding type registration float -> org.hibernate.type.FloatType@49e7e8f1
2022-12-25 11:07:57.109 DEBUG 8420 --- [    Test worker] org.hibernate.type.BasicTypeRegistry     : Adding type registration float -> org.hibernate.type.FloatType@49e7e8f1
2022-12-25 11:07:57.110 DEBUG 8420 --- [    Test worker] org.hibernate.type.BasicTypeRegistry     : Adding type registration java.lang.Float -> org.hibernate.type.FloatType@49e7e8f1
2022-12-25 11:07:57.110 DEBUG 8420 --- [    Test worker] org.hibernate.type.BasicTypeRegistry     : Adding type registration double -> org.hibernate.type.DoubleType@334540a0
2022-12-25 11:07:57.110 DEBUG 8420 --- [    Test worker] org.hibernate.type.BasicTypeRegistry     : Adding type registration double -> org.hibernate.type.DoubleType@334540a0
2022-12-25 11:07:57.110 DEBUG 8420 --- [    Test worker] org.hibernate.type.BasicTypeRegistry     : Adding type registration java.lang.Double -> org.hibernate.type.DoubleType@334540a0
2022-12-25 11:07:57.111 DEBUG 8420 --- [    Test worker] org.hibernate.type.BasicTypeRegistry     : Adding type registration big_decimal -> org.hibernate.type.BigDecimalType@3d8d970e
2022-12-25 11:07:57.111 DEBUG 8420 --- [    Test worker] org.hibernate.type.BasicTypeRegistry     : Adding type registration java.math.BigDecimal -> org.hibernate.type.BigDecimalType@3d8d970e
2022-12-25 11:07:57.112 DEBUG 8420 --- [    Test worker] org.hibernate.type.BasicTypeRegistry     : Adding type registration big_integer -> org.hibernate.type.BigIntegerType@72eed547
2022-12-25 11:07:57.112 DEBUG 8420 --- [    Test worker] org.hibernate.type.BasicTypeRegistry     : Adding type registration java.math.BigInteger -> org.hibernate.type.BigIntegerType@72eed547
2022-12-25 11:07:57.115 DEBUG 8420 --- [    Test worker] org.hibernate.type.BasicTypeRegistry     : Adding type registration string -> org.hibernate.type.StringType@7c7ed72a
2022-12-25 11:07:57.115 DEBUG 8420 --- [    Test worker] org.hibernate.type.BasicTypeRegistry     : Adding type registration java.lang.String -> org.hibernate.type.StringType@7c7ed72a
2022-12-25 11:07:57.116 DEBUG 8420 --- [    Test worker] org.hibernate.type.BasicTypeRegistry     : Adding type registration nstring -> org.hibernate.type.StringNVarcharType@36dafa24
2022-12-25 11:07:57.116 DEBUG 8420 --- [    Test worker] org.hibernate.type.BasicTypeRegistry     : Adding type registration ncharacter -> org.hibernate.type.CharacterNCharType@6ce15112
2022-12-25 11:07:57.117 DEBUG 8420 --- [    Test worker] org.hibernate.type.BasicTypeRegistry     : Adding type registration url -> org.hibernate.type.UrlType@6684f7f2
2022-12-25 11:07:57.118 DEBUG 8420 --- [    Test worker] org.hibernate.type.BasicTypeRegistry     : Adding type registration java.net.URL -> org.hibernate.type.UrlType@6684f7f2
2022-12-25 11:07:57.118 DEBUG 8420 --- [    Test worker] org.hibernate.type.BasicTypeRegistry     : Adding type registration Duration -> org.hibernate.type.DurationType@5e385b6f
2022-12-25 11:07:57.119 DEBUG 8420 --- [    Test worker] org.hibernate.type.BasicTypeRegistry     : Adding type registration java.time.Duration -> org.hibernate.type.DurationType@5e385b6f
2022-12-25 11:07:57.120 DEBUG 8420 --- [    Test worker] org.hibernate.type.BasicTypeRegistry     : Adding type registration Instant -> org.hibernate.type.InstantType@11d2714a
2022-12-25 11:07:57.120 DEBUG 8420 --- [    Test worker] org.hibernate.type.BasicTypeRegistry     : Adding type registration java.time.Instant -> org.hibernate.type.InstantType@11d2714a
2022-12-25 11:07:57.121 DEBUG 8420 --- [    Test worker] org.hibernate.type.BasicTypeRegistry     : Adding type registration LocalDateTime -> org.hibernate.type.LocalDateTimeType@18e4551
2022-12-25 11:07:57.121 DEBUG 8420 --- [    Test worker] org.hibernate.type.BasicTypeRegistry     : Adding type registration java.time.LocalDateTime -> org.hibernate.type.LocalDateTimeType@18e4551
2022-12-25 11:07:57.121 DEBUG 8420 --- [    Test worker] org.hibernate.type.BasicTypeRegistry     : Adding type registration LocalDate -> org.hibernate.type.LocalDateType@6e068ac9
2022-12-25 11:07:57.122 DEBUG 8420 --- [    Test worker] org.hibernate.type.BasicTypeRegistry     : Adding type registration java.time.LocalDate -> org.hibernate.type.LocalDateType@6e068ac9
2022-12-25 11:07:57.122 DEBUG 8420 --- [    Test worker] org.hibernate.type.BasicTypeRegistry     : Adding type registration LocalTime -> org.hibernate.type.LocalTimeType@76828577
2022-12-25 11:07:57.122 DEBUG 8420 --- [    Test worker] org.hibernate.type.BasicTypeRegistry     : Adding type registration java.time.LocalTime -> org.hibernate.type.LocalTimeType@76828577
2022-12-25 11:07:57.123 DEBUG 8420 --- [    Test worker] org.hibernate.type.BasicTypeRegistry     : Adding type registration OffsetDateTime -> org.hibernate.type.OffsetDateTimeType@36b53f08
2022-12-25 11:07:57.123 DEBUG 8420 --- [    Test worker] org.hibernate.type.BasicTypeRegistry     : Adding type registration java.time.OffsetDateTime -> org.hibernate.type.OffsetDateTimeType@36b53f08
2022-12-25 11:07:57.124 DEBUG 8420 --- [    Test worker] org.hibernate.type.BasicTypeRegistry     : Adding type registration OffsetTime -> org.hibernate.type.OffsetTimeType@1fcaea93
2022-12-25 11:07:57.124 DEBUG 8420 --- [    Test worker] org.hibernate.type.BasicTypeRegistry     : Adding type registration java.time.OffsetTime -> org.hibernate.type.OffsetTimeType@1fcaea93
2022-12-25 11:07:57.125 DEBUG 8420 --- [    Test worker] org.hibernate.type.BasicTypeRegistry     : Adding type registration ZonedDateTime -> org.hibernate.type.ZonedDateTimeType@559d19c
2022-12-25 11:07:57.126 DEBUG 8420 --- [    Test worker] org.hibernate.type.BasicTypeRegistry     : Adding type registration java.time.ZonedDateTime -> org.hibernate.type.ZonedDateTimeType@559d19c
2022-12-25 11:07:57.126 DEBUG 8420 --- [    Test worker] org.hibernate.type.BasicTypeRegistry     : Adding type registration date -> org.hibernate.type.DateType@2262f0d8
2022-12-25 11:07:57.127 DEBUG 8420 --- [    Test worker] org.hibernate.type.BasicTypeRegistry     : Adding type registration java.sql.Date -> org.hibernate.type.DateType@2262f0d8
2022-12-25 11:07:57.128 DEBUG 8420 --- [    Test worker] org.hibernate.type.BasicTypeRegistry     : Adding type registration time -> org.hibernate.type.TimeType@5ed25612
2022-12-25 11:07:57.128 DEBUG 8420 --- [    Test worker] org.hibernate.type.BasicTypeRegistry     : Adding type registration java.sql.Time -> org.hibernate.type.TimeType@5ed25612
2022-12-25 11:07:57.129 DEBUG 8420 --- [    Test worker] org.hibernate.type.BasicTypeRegistry     : Adding type registration timestamp -> org.hibernate.type.TimestampType@4d67d5a4
2022-12-25 11:07:57.129 DEBUG 8420 --- [    Test worker] org.hibernate.type.BasicTypeRegistry     : Adding type registration java.sql.Timestamp -> org.hibernate.type.TimestampType@4d67d5a4
2022-12-25 11:07:57.130 DEBUG 8420 --- [    Test worker] org.hibernate.type.BasicTypeRegistry     : Adding type registration java.util.Date -> org.hibernate.type.TimestampType@4d67d5a4
2022-12-25 11:07:57.132 DEBUG 8420 --- [    Test worker] org.hibernate.type.BasicTypeRegistry     : Adding type registration dbtimestamp -> org.hibernate.type.DbTimestampType@72b40f87
2022-12-25 11:07:57.133 DEBUG 8420 --- [    Test worker] org.hibernate.type.BasicTypeRegistry     : Adding type registration calendar -> org.hibernate.type.CalendarType@4e94669c
2022-12-25 11:07:57.134 DEBUG 8420 --- [    Test worker] org.hibernate.type.BasicTypeRegistry     : Adding type registration java.util.Calendar -> org.hibernate.type.CalendarType@4e94669c
2022-12-25 11:07:57.134 DEBUG 8420 --- [    Test worker] org.hibernate.type.BasicTypeRegistry     : Adding type registration java.util.GregorianCalendar -> org.hibernate.type.CalendarType@4e94669c
2022-12-25 11:07:57.134 DEBUG 8420 --- [    Test worker] org.hibernate.type.BasicTypeRegistry     : Adding type registration calendar_date -> org.hibernate.type.CalendarDateType@12e5d3e1
2022-12-25 11:07:57.135 DEBUG 8420 --- [    Test worker] org.hibernate.type.BasicTypeRegistry     : Adding type registration calendar_time -> org.hibernate.type.CalendarTimeType@351e89fc
2022-12-25 11:07:57.136 DEBUG 8420 --- [    Test worker] org.hibernate.type.BasicTypeRegistry     : Adding type registration locale -> org.hibernate.type.LocaleType@79d63a4f
2022-12-25 11:07:57.136 DEBUG 8420 --- [    Test worker] org.hibernate.type.BasicTypeRegistry     : Adding type registration java.util.Locale -> org.hibernate.type.LocaleType@79d63a4f
2022-12-25 11:07:57.137 DEBUG 8420 --- [    Test worker] org.hibernate.type.BasicTypeRegistry     : Adding type registration currency -> org.hibernate.type.CurrencyType@4c2ab536
2022-12-25 11:07:57.137 DEBUG 8420 --- [    Test worker] org.hibernate.type.BasicTypeRegistry     : Adding type registration java.util.Currency -> org.hibernate.type.CurrencyType@4c2ab536
2022-12-25 11:07:57.137 DEBUG 8420 --- [    Test worker] org.hibernate.type.BasicTypeRegistry     : Adding type registration timezone -> org.hibernate.type.TimeZoneType@1d8e9d3e
2022-12-25 11:07:57.137 DEBUG 8420 --- [    Test worker] org.hibernate.type.BasicTypeRegistry     : Adding type registration java.util.TimeZone -> org.hibernate.type.TimeZoneType@1d8e9d3e
2022-12-25 11:07:57.138 DEBUG 8420 --- [    Test worker] org.hibernate.type.BasicTypeRegistry     : Adding type registration class -> org.hibernate.type.ClassType@46d1b59
2022-12-25 11:07:57.138 DEBUG 8420 --- [    Test worker] org.hibernate.type.BasicTypeRegistry     : Adding type registration java.lang.Class -> org.hibernate.type.ClassType@46d1b59
2022-12-25 11:07:57.139 DEBUG 8420 --- [    Test worker] org.hibernate.type.BasicTypeRegistry     : Adding type registration uuid-binary -> org.hibernate.type.UUIDBinaryType@49cb5030
2022-12-25 11:07:57.139 DEBUG 8420 --- [    Test worker] org.hibernate.type.BasicTypeRegistry     : Adding type registration java.util.UUID -> org.hibernate.type.UUIDBinaryType@49cb5030
2022-12-25 11:07:57.139 DEBUG 8420 --- [    Test worker] org.hibernate.type.BasicTypeRegistry     : Adding type registration uuid-char -> org.hibernate.type.UUIDCharType@3e2d44f3
2022-12-25 11:07:57.140 DEBUG 8420 --- [    Test worker] org.hibernate.type.BasicTypeRegistry     : Adding type registration binary -> org.hibernate.type.BinaryType@5cc3e49b
2022-12-25 11:07:57.140 DEBUG 8420 --- [    Test worker] org.hibernate.type.BasicTypeRegistry     : Adding type registration byte[] -> org.hibernate.type.BinaryType@5cc3e49b
2022-12-25 11:07:57.140 DEBUG 8420 --- [    Test worker] org.hibernate.type.BasicTypeRegistry     : Adding type registration [B -> org.hibernate.type.BinaryType@5cc3e49b
2022-12-25 11:07:57.141 DEBUG 8420 --- [    Test worker] org.hibernate.type.BasicTypeRegistry     : Adding type registration wrapper-binary -> org.hibernate.type.WrapperBinaryType@10dfa7ef
2022-12-25 11:07:57.141 DEBUG 8420 --- [    Test worker] org.hibernate.type.BasicTypeRegistry     : Adding type registration Byte[] -> org.hibernate.type.WrapperBinaryType@10dfa7ef
2022-12-25 11:07:57.141 DEBUG 8420 --- [    Test worker] org.hibernate.type.BasicTypeRegistry     : Adding type registration [Ljava.lang.Byte; -> org.hibernate.type.WrapperBinaryType@10dfa7ef
2022-12-25 11:07:57.142 DEBUG 8420 --- [    Test worker] org.hibernate.type.BasicTypeRegistry     : Adding type registration row_version -> org.hibernate.type.RowVersionType@fabef2e
2022-12-25 11:07:57.143 DEBUG 8420 --- [    Test worker] org.hibernate.type.BasicTypeRegistry     : Adding type registration image -> org.hibernate.type.ImageType@286866cb
2022-12-25 11:07:57.143 DEBUG 8420 --- [    Test worker] org.hibernate.type.BasicTypeRegistry     : Adding type registration characters -> org.hibernate.type.CharArrayType@184751f3
2022-12-25 11:07:57.143 DEBUG 8420 --- [    Test worker] org.hibernate.type.BasicTypeRegistry     : Adding type registration char[] -> org.hibernate.type.CharArrayType@184751f3
2022-12-25 11:07:57.143 DEBUG 8420 --- [    Test worker] org.hibernate.type.BasicTypeRegistry     : Adding type registration [C -> org.hibernate.type.CharArrayType@184751f3
2022-12-25 11:07:57.144 DEBUG 8420 --- [    Test worker] org.hibernate.type.BasicTypeRegistry     : Adding type registration wrapper-characters -> org.hibernate.type.CharacterArrayType@6658f08a
2022-12-25 11:07:57.144 DEBUG 8420 --- [    Test worker] org.hibernate.type.BasicTypeRegistry     : Adding type registration [Ljava.lang.Character; -> org.hibernate.type.CharacterArrayType@6658f08a
2022-12-25 11:07:57.144 DEBUG 8420 --- [    Test worker] org.hibernate.type.BasicTypeRegistry     : Adding type registration Character[] -> org.hibernate.type.CharacterArrayType@6658f08a
2022-12-25 11:07:57.145 DEBUG 8420 --- [    Test worker] org.hibernate.type.BasicTypeRegistry     : Adding type registration text -> org.hibernate.type.TextType@64dfb31d
2022-12-25 11:07:57.146 DEBUG 8420 --- [    Test worker] org.hibernate.type.BasicTypeRegistry     : Adding type registration ntext -> org.hibernate.type.NTextType@5da57a64
2022-12-25 11:07:57.148 DEBUG 8420 --- [    Test worker] org.hibernate.type.BasicTypeRegistry     : Adding type registration blob -> org.hibernate.type.BlobType@762405bf
2022-12-25 11:07:57.148 DEBUG 8420 --- [    Test worker] org.hibernate.type.BasicTypeRegistry     : Adding type registration java.sql.Blob -> org.hibernate.type.BlobType@762405bf
2022-12-25 11:07:57.150 DEBUG 8420 --- [    Test worker] org.hibernate.type.BasicTypeRegistry     : Adding type registration materialized_blob -> org.hibernate.type.MaterializedBlobType@9d99851
2022-12-25 11:07:57.151 DEBUG 8420 --- [    Test worker] org.hibernate.type.BasicTypeRegistry     : Adding type registration clob -> org.hibernate.type.ClobType@1552da16
2022-12-25 11:07:57.151 DEBUG 8420 --- [    Test worker] org.hibernate.type.BasicTypeRegistry     : Adding type registration java.sql.Clob -> org.hibernate.type.ClobType@1552da16
2022-12-25 11:07:57.152 DEBUG 8420 --- [    Test worker] org.hibernate.type.BasicTypeRegistry     : Adding type registration nclob -> org.hibernate.type.NClobType@236861da
2022-12-25 11:07:57.153 DEBUG 8420 --- [    Test worker] org.hibernate.type.BasicTypeRegistry     : Adding type registration java.sql.NClob -> org.hibernate.type.NClobType@236861da
2022-12-25 11:07:57.153 DEBUG 8420 --- [    Test worker] org.hibernate.type.BasicTypeRegistry     : Adding type registration materialized_clob -> org.hibernate.type.MaterializedClobType@3513d214
2022-12-25 11:07:57.153 DEBUG 8420 --- [    Test worker] org.hibernate.type.BasicTypeRegistry     : Adding type registration materialized_nclob -> org.hibernate.type.MaterializedNClobType@108b121f
2022-12-25 11:07:57.154 DEBUG 8420 --- [    Test worker] org.hibernate.type.BasicTypeRegistry     : Adding type registration serializable -> org.hibernate.type.SerializableType@5908e6d6
2022-12-25 11:07:57.157 DEBUG 8420 --- [    Test worker] org.hibernate.type.BasicTypeRegistry     : Adding type registration object -> org.hibernate.type.ObjectType@45e7bb79
2022-12-25 11:07:57.157 DEBUG 8420 --- [    Test worker] org.hibernate.type.BasicTypeRegistry     : Adding type registration java.lang.Object -> org.hibernate.type.ObjectType@45e7bb79
2022-12-25 11:07:57.157 DEBUG 8420 --- [    Test worker] org.hibernate.type.BasicTypeRegistry     : Adding type registration imm_date -> org.hibernate.type.AdaptedImmutableType@75527e36
2022-12-25 11:07:57.157 DEBUG 8420 --- [    Test worker] org.hibernate.type.BasicTypeRegistry     : Adding type registration imm_time -> org.hibernate.type.AdaptedImmutableType@76596288
2022-12-25 11:07:57.158 DEBUG 8420 --- [    Test worker] org.hibernate.type.BasicTypeRegistry     : Adding type registration imm_timestamp -> org.hibernate.type.AdaptedImmutableType@6d815fb7
2022-12-25 11:07:57.158 DEBUG 8420 --- [    Test worker] org.hibernate.type.BasicTypeRegistry     : Adding type registration imm_dbtimestamp -> org.hibernate.type.AdaptedImmutableType@51af8049
2022-12-25 11:07:57.158 DEBUG 8420 --- [    Test worker] org.hibernate.type.BasicTypeRegistry     : Adding type registration imm_calendar -> org.hibernate.type.AdaptedImmutableType@376af784
2022-12-25 11:07:57.158 DEBUG 8420 --- [    Test worker] org.hibernate.type.BasicTypeRegistry     : Adding type registration imm_calendar_date -> org.hibernate.type.AdaptedImmutableType@a9a8ec3
2022-12-25 11:07:57.158 DEBUG 8420 --- [    Test worker] org.hibernate.type.BasicTypeRegistry     : Adding type registration imm_binary -> org.hibernate.type.AdaptedImmutableType@6d0114c0
2022-12-25 11:07:57.158 DEBUG 8420 --- [    Test worker] org.hibernate.type.BasicTypeRegistry     : Adding type registration imm_serializable -> org.hibernate.type.AdaptedImmutableType@40016ce1
2022-12-25 11:07:57.212  INFO 8420 --- [    Test worker] com.zaxxer.hikari.HikariDataSource       : HikariPool-1 - Starting...
2022-12-25 11:07:58.191  INFO 8420 --- [    Test worker] com.zaxxer.hikari.HikariDataSource       : HikariPool-1 - Start completed.
2022-12-25 11:07:58.228  INFO 8420 --- [    Test worker] org.hibernate.dialect.Dialect            : HHH000400: Using dialect: org.hibernate.dialect.Oracle12cDialect
2022-12-25 11:07:58.462 DEBUG 8420 --- [    Test worker] org.hibernate.type.BasicTypeRegistry     : Adding type registration byte[] -> org.hibernate.type.MaterializedBlobType@9d99851
2022-12-25 11:07:58.462 DEBUG 8420 --- [    Test worker] org.hibernate.type.BasicTypeRegistry     : HHH000270: Type registration [byte[]] overrides previous : org.hibernate.type.BinaryType@5cc3e49b
2022-12-25 11:07:58.462 DEBUG 8420 --- [    Test worker] org.hibernate.type.BasicTypeRegistry     : Adding type registration [B -> org.hibernate.type.MaterializedBlobType@9d99851
2022-12-25 11:07:58.462 DEBUG 8420 --- [    Test worker] org.hibernate.type.BasicTypeRegistry     : HHH000270: Type registration [[B] overrides previous : org.hibernate.type.BinaryType@5cc3e49b
2022-12-25 11:07:58.463 DEBUG 8420 --- [    Test worker] org.hibernate.type.BasicTypeRegistry     : Adding type registration Byte[] -> org.hibernate.type.WrappedMaterializedBlobType@54737322
2022-12-25 11:07:58.463 DEBUG 8420 --- [    Test worker] org.hibernate.type.BasicTypeRegistry     : HHH000270: Type registration [Byte[]] overrides previous : org.hibernate.type.WrapperBinaryType@10dfa7ef
2022-12-25 11:07:58.463 DEBUG 8420 --- [    Test worker] org.hibernate.type.BasicTypeRegistry     : Adding type registration [Ljava.lang.Byte; -> org.hibernate.type.WrappedMaterializedBlobType@54737322
2022-12-25 11:07:58.463 DEBUG 8420 --- [    Test worker] org.hibernate.type.BasicTypeRegistry     : HHH000270: Type registration [[Ljava.lang.Byte;] overrides previous : org.hibernate.type.WrapperBinaryType@10dfa7ef
2022-12-25 11:07:58.466 DEBUG 8420 --- [    Test worker] o.h.type.spi.TypeConfiguration$Scope     : Scoping TypeConfiguration [org.hibernate.type.spi.TypeConfiguration@c6c84fa] to MetadataBuildingContext [org.hibernate.boot.internal.MetadataBuildingContextRootImpl@70ce2fb2]
2022-12-25 11:07:58.791 DEBUG 8420 --- [    Test worker] org.hibernate.type.EnumType              : Using NAMED-based conversion for Enum com.hero.herolanding.domain.EntranceLevel
2022-12-25 11:07:58.792 DEBUG 8420 --- [    Test worker] org.hibernate.type.EnumType              : Using NAMED-based conversion for Enum com.hero.herolanding.domain.Continent
2022-12-25 11:07:58.792 DEBUG 8420 --- [    Test worker] org.hibernate.type.EnumType              : Using NAMED-based conversion for Enum com.hero.herolanding.domain.BoardType
2022-12-25 11:07:58.792 DEBUG 8420 --- [    Test worker] org.hibernate.type.EnumType              : Using NAMED-based conversion for Enum com.hero.herolanding.domain.Continent
2022-12-25 11:07:58.793 DEBUG 8420 --- [    Test worker] o.h.type.spi.TypeConfiguration$Scope     : Scoping TypeConfiguration [org.hibernate.type.spi.TypeConfiguration@c6c84fa] to SessionFactoryImpl [org.hibernate.internal.SessionFactoryImpl@349996a6]
2022-12-25 11:07:59.307  INFO 8420 --- [    Test worker] o.h.e.t.j.p.i.JtaPlatformInitiator       : HHH000490: Using JtaPlatform implementation: [org.hibernate.engine.transaction.jta.platform.internal.NoJtaPlatform]
2022-12-25 11:07:59.317 TRACE 8420 --- [    Test worker] o.h.type.spi.TypeConfiguration$Scope     : Handling #sessionFactoryCreated from [org.hibernate.internal.SessionFactoryImpl@349996a6] for TypeConfiguration
2022-12-25 11:07:59.319  INFO 8420 --- [    Test worker] j.LocalContainerEntityManagerFactoryBean : Initialized JPA EntityManagerFactory for persistence unit 'default'
2022-12-25 11:07:59.782  WARN 8420 --- [    Test worker] JpaBaseConfiguration$JpaWebConfiguration : spring.jpa.open-in-view is enabled by default. Therefore, database queries may be performed during view rendering. Explicitly configure spring.jpa.open-in-view to disable this warning
2022-12-25 11:08:00.174  INFO 8420 --- [    Test worker] o.s.b.a.w.s.WelcomePageHandlerMapping    : Adding welcome page template: index
2022-12-25 11:08:00.572  INFO 8420 --- [    Test worker] c.h.h.HerolandingApplicationTests        : Started HerolandingApplicationTests in 5.489 seconds (JVM running for 6.911)
]]></system-out>
  <system-err><![CDATA[]]></system-err>
</testsuite>
